[NotebookApp | WARNING] No nbgrader_config.py file found (rerun with --debug to see where nbgrader is looking)
[NotebookApp | INFO] Loading the validate_assignment nbgrader serverextension
[NotebookApp | INFO] Serving notebooks from local directory: C:\Users\Harsh\Desktop\Acads\4-2\CS Lab Project\code\1_Kaggle
[NotebookApp | INFO] The Jupyter Notebook is running at:
[NotebookApp | INFO] http://localhost:8888/?token=2a4c7c038a410b1e2294136a3ad386657e229b5db5521c9a
[NotebookApp | INFO] Use Control-C to stop this server and shut down all kernels (twice to skip confirmation).
[NotebookApp | CRITICAL] 
    
    To access the notebook, open this file in a browser:
        file:///C:/Users/Harsh/AppData/Roaming/jupyter/runtime/nbserver-9700-open.html
    Or copy and paste one of these URLs:
        http://localhost:8888/?token=2a4c7c038a410b1e2294136a3ad386657e229b5db5521c9a
[NotebookApp | INFO] Creating new notebook in 
[NotebookApp | INFO] Kernel started: d3391bc5-4af6-4a81-a405-a1a51a71326a
[NotebookApp | INFO] Adapting to protocol v5.1 for kernel d3391bc5-4af6-4a81-a405-a1a51a71326a
[NotebookApp | INFO] Saving file at /train.ipynb
[NotebookApp | INFO] Saving file at /train.ipynb
[NotebookApp | INFO] Saving file at /train.ipynb
[NotebookApp | INFO] Saving file at /train.ipynb
[NotebookApp | INFO] Saving file at /train.ipynb
[NotebookApp | INFO] Saving file at /train.ipynb
[NotebookApp | INFO] Saving file at /train.ipynb
[NotebookApp | INFO] Saving file at /train.ipynb
[NotebookApp | INFO] Saving file at /train.ipynb
[NotebookApp | INFO] Saving file at /train.ipynb
[NotebookApp | INFO] Starting buffering for d3391bc5-4af6-4a81-a405-a1a51a71326a:dbd9482207c641cb9c97a611be463f31
[NotebookApp | WARNING] No nbgrader_config.py file found (rerun with --debug to see where nbgrader is looking)
[NotebookApp | INFO] Loading the validate_assignment nbgrader serverextension
[NotebookApp | INFO] Serving notebooks from local directory: C:\Users\Harsh\Desktop\Acads\4-2\CS Lab Project\code\1_Kaggle
[NotebookApp | INFO] The Jupyter Notebook is running at:
[NotebookApp | INFO] http://localhost:8889/?token=092f866dea007d7458f3f6ebc732e53908f26b3734cb1edd
[NotebookApp | INFO] Use Control-C to stop this server and shut down all kernels (twice to skip confirmation).
[NotebookApp | CRITICAL] 
    
    To access the notebook, open this file in a browser:
        file:///C:/Users/Harsh/AppData/Roaming/jupyter/runtime/nbserver-1136-open.html
    Or copy and paste one of these URLs:
        http://localhost:8889/?token=092f866dea007d7458f3f6ebc732e53908f26b3734cb1edd
[NotebookApp | INFO] Kernel started: 2b4f8570-d896-4413-9433-a122638a2935
[NotebookApp | INFO] Adapting to protocol v5.1 for kernel 2b4f8570-d896-4413-9433-a122638a2935
[NotebookApp | INFO] Saving file at /train.ipynb
[NotebookApp | INFO] Saving file at /train.ipynb
[NotebookApp | INFO] Saving file at /train.ipynb
[NotebookApp | INFO] Saving file at /train.ipynb
[NotebookApp | INFO] Saving file at /train.ipynb
[NotebookApp | INFO] Saving file at /train.ipynb
[NotebookApp | INFO] Saving file at /train.ipynb
[NotebookApp | INFO] Saving file at /train.ipynb
[NotebookApp | INFO] Saving file at /train.ipynb
[NotebookApp | INFO] Starting buffering for 2b4f8570-d896-4413-9433-a122638a2935:a03150a7dfc44955827999caf31b4b49
[NotebookApp | INFO] Kernel restarted: 2b4f8570-d896-4413-9433-a122638a2935
[NotebookApp | INFO] Saving file at /train.ipynb
[NotebookApp | INFO] Saving file at /train.ipynb
[NotebookApp | INFO] Adapting to protocol v5.1 for kernel 2b4f8570-d896-4413-9433-a122638a2935
[NotebookApp | INFO] Restoring connection for 2b4f8570-d896-4413-9433-a122638a2935:a03150a7dfc44955827999caf31b4b49
[NotebookApp | INFO] Replaying 3 buffered messages
[NotebookApp | INFO] Saving file at /train.ipynb
[NotebookApp | INFO] Saving file at /train.ipynb
[NotebookApp | INFO] Saving file at /train.ipynb
[NotebookApp | INFO] Saving file at /train.ipynb
[NotebookApp | INFO] Saving file at /train.ipynb
[NotebookApp | INFO] Saving file at /train.ipynb
[NotebookApp | INFO] Saving file at /train.ipynb
[NotebookApp | INFO] Saving file at /train.ipynb
[NotebookApp | INFO] Saving file at /train.ipynb
[NotebookApp | INFO] Saving file at /train.ipynb
[NotebookApp | INFO] Saving file at /train.ipynb
[NotebookApp | INFO] Saving file at /train.ipynb
[NotebookApp | INFO] Saving file at /train.ipynb
[NotebookApp | INFO] Saving file at /train.ipynb
[NotebookApp | INFO] Saving file at /train.ipynb
[NotebookApp | INFO] Starting buffering for 2b4f8570-d896-4413-9433-a122638a2935:a03150a7dfc44955827999caf31b4b49
[NotebookApp | WARNING] No nbgrader_config.py file found (rerun with --debug to see where nbgrader is looking)
[NotebookApp | INFO] Loading the validate_assignment nbgrader serverextension
[NotebookApp | INFO] Serving notebooks from local directory: C:\Users\Harsh\Desktop\Acads\4-2\CS Lab Project\code\1_Kaggle
[NotebookApp | INFO] The Jupyter Notebook is running at:
[NotebookApp | INFO] http://localhost:8890/?token=4d027f32e19f26a9a02dc34fb7abfd04f2a1f365bed2bfc5
[NotebookApp | INFO] Use Control-C to stop this server and shut down all kernels (twice to skip confirmation).
[NotebookApp | CRITICAL] 
    
    To access the notebook, open this file in a browser:
        file:///C:/Users/Harsh/AppData/Roaming/jupyter/runtime/nbserver-18752-open.html
    Or copy and paste one of these URLs:
        http://localhost:8890/?token=4d027f32e19f26a9a02dc34fb7abfd04f2a1f365bed2bfc5
[NotebookApp | INFO] Kernel started: 78fdddad-b9de-4555-b3de-06e9d79dbf18
[NotebookApp | INFO] Adapting to protocol v5.1 for kernel 78fdddad-b9de-4555-b3de-06e9d79dbf18
[NotebookApp | INFO] Starting buffering for 78fdddad-b9de-4555-b3de-06e9d79dbf18:c882b3ab8bdc46db8f0046297833c0ec
